============= i-36baf493 ==============
-------------------------------------
/var/log/eb-version-deployment.log
-------------------------------------
2016-01-05 09:14:52,203 [INFO] Found the latest version manifest file <Key: elasticbeanstalk-ap-northeast-1-571640596585,resources/environments/e-pmavexpppp/_runtime/versions/manifest_1451985084254> from bucket elasticbeanstalk-ap-northeast-1-571640596585 and prefix resources/environments/e-pmavexpppp/_runtime/versions/
2016-01-05 09:14:52,273 [INFO] Downloaded the manifest file to /tmp/version_file_manifest
2016-01-05 09:14:52,421 [INFO] Downloaded version label app-c4e0-160105_091105 from s3 key <Key: elasticbeanstalk-ap-northeast-1-571640596585,resources/environments/e-pmavexpppp/_runtime/_versions/Aura/app-c4e0-160105_091105>
2016-01-05 10:04:44,220 [INFO] Version manifest file name already known. The latest version manifest file key is resources/environments/e-pmavexpppp/_runtime/versions/manifest_1451988204244
2016-01-05 10:04:44,296 [INFO] Downloaded the manifest file to /tmp/version_file_manifest
2016-01-05 10:04:44,494 [INFO] Downloaded version label app-0df3-160105_100316 from s3 key <Key: elasticbeanstalk-ap-northeast-1-571640596585,resources/environments/e-pmavexpppp/_runtime/_versions/Aura/app-0df3-160105_100316>
2016-01-05 10:08:16,415 [INFO] Version manifest file name already known. The latest version manifest file key is resources/environments/e-pmavexpppp/_runtime/versions/manifest_1451988442543
2016-01-05 10:08:16,480 [INFO] Downloaded the manifest file to /tmp/version_file_manifest
2016-01-05 10:08:16,567 [INFO] Downloaded version label app-4077-160105_100714 from s3 key <Key: elasticbeanstalk-ap-northeast-1-571640596585,resources/environments/e-pmavexpppp/_runtime/_versions/Aura/app-4077-160105_100714>



-------------------------------------
/var/app/support/logs/passenger.log
-------------------------------------
[ 2016-01-05 09:15:22.5110 2757/7f9ad3859780 agents/Watchdog/Main.cpp:538 ]: Options: { 'analytics_log_user' => 'webapp', 'cleanup_pidfiles' => 'L3RtcC9wYXNzZW5nZXItc3RhbmRhbG9uZS4xZWQ2aDBlL3RlbXBfZGlyX3RvdWNoZXIucGlk', 'default_group' => 'webapp', 'default_python' => 'python', 'default_ruby' => '/opt/rubies/ruby-2.2.3/bin/ruby', 'default_user' => 'webapp', 'log_level' => '0', 'max_pool_size' => '6', 'passenger_root' => '/tmp/passenger-standalone.1ed6h0e/locations.ini', 'passenger_version' => '4.0.59', 'pool_idle_time' => '300', 'prestart_urls' => 'aHR0cDovLzAuMC4wLjA6ODAA', 'temp_dir' => '/tmp', 'union_station_gateway_address' => 'gateway.unionstationapp.com', 'union_station_gateway_port' => '443', 'user_switching' => 'false', 'web_server_passenger_version' => '4.0.59', 'web_server_pid' => '2756', 'web_server_type' => 'nginx', 'web_server_worker_gid' => '495', 'web_server_worker_uid' => '497' }
[ 2016-01-05 09:15:23.3480 2760/7f20a3b93780 agents/HelperAgent/Main.cpp:650 ]: PassengerHelperAgent online, listening at unix:/tmp/passenger.1.0.2756/generation-0/request
[ 2016-01-05 09:15:24.4681 2768/7ff658f76780 agents/LoggingAgent/Main.cpp:321 ]: PassengerLoggingAgent online, listening at unix:/tmp/passenger.1.0.2756/generation-0/logging
[ 2016-01-05 09:15:24.4683 2757/7f9ad3859780 agents/Watchdog/Main.cpp:728 ]: All Phusion Passenger agents started!
2016/01/05 09:15:25 [error] 2776#0: *3 "/var/app/current/public/index.html" is not found (2: No such file or directory), client: 127.0.0.1, server: _, request: "HEAD / HTTP/1.1", host: "0.0.0.0"
2016/01/05 09:15:25 [error] 2776#0: *3 testing "/var/app/current/public" existence failed (2: No such file or directory) while logging request, client: 127.0.0.1, server: _, request: "HEAD / HTTP/1.1", host: "0.0.0.0"
[ 2016-01-05 09:38:21.2720 21921/7f0931f8a780 agents/Watchdog/Main.cpp:538 ]: Options: { 'analytics_log_user' => 'webapp', 'cleanup_pidfiles' => 'L3RtcC9wYXNzZW5nZXItc3RhbmRhbG9uZS4xdngxenBnL3RlbXBfZGlyX3RvdWNoZXIucGlk', 'default_group' => 'webapp', 'default_python' => 'python', 'default_ruby' => '/opt/rubies/ruby-2.2.3/bin/ruby', 'default_user' => 'webapp', 'log_level' => '0', 'max_pool_size' => '6', 'passenger_root' => '/tmp/passenger-standalone.1vx1zpg/locations.ini', 'passenger_version' => '4.0.59', 'pool_idle_time' => '300', 'prestart_urls' => 'aHR0cDovLzAuMC4wLjA6ODAA', 'temp_dir' => '/tmp', 'union_station_gateway_address' => 'gateway.unionstationapp.com', 'union_station_gateway_port' => '443', 'user_switching' => 'false', 'web_server_passenger_version' => '4.0.59', 'web_server_pid' => '21920', 'web_server_type' => 'nginx', 'web_server_worker_gid' => '495', 'web_server_worker_uid' => '497' }
[ 2016-01-05 09:38:21.2762 21924/7fd7ffe33780 agents/HelperAgent/Main.cpp:650 ]: PassengerHelperAgent online, listening at unix:/tmp/passenger.1.0.21920/generation-0/request
[ 2016-01-05 09:38:21.2805 21932/7f997ddb0780 agents/LoggingAgent/Main.cpp:321 ]: PassengerLoggingAgent online, listening at unix:/tmp/passenger.1.0.21920/generation-0/logging
[ 2016-01-05 09:38:21.2806 21921/7f0931f8a780 agents/Watchdog/Main.cpp:728 ]: All Phusion Passenger agents started!
2016/01/05 09:38:23 [error] 21940#0: *5 "/var/app/current/public/index.html" is not found (2: No such file or directory), client: 127.0.0.1, server: _, request: "HEAD / HTTP/1.1", host: "0.0.0.0"
2016/01/05 09:38:23 [error] 21940#0: *5 testing "/var/app/current/public" existence failed (2: No such file or directory) while logging request, client: 127.0.0.1, server: _, request: "HEAD / HTTP/1.1", host: "0.0.0.0"
2016/01/05 10:08:58 [error] 21940#0: *425 "/var/app/current/public/index.html" is not found (2: No such file or directory), client: 172.31.5.59, server: _, request: "GET / HTTP/1.1", host: "www.toyota-all-tokyo.com"
2016/01/05 10:08:58 [error] 21940#0: *425 testing "/var/app/current/public" existence failed (2: No such file or directory) while logging request, client: 172.31.5.59, server: _, request: "GET / HTTP/1.1", host: "www.toyota-all-tokyo.com"
2016/01/05 10:09:08 [error] 21940#0: *425 "/var/app/current/public/index.html" is not found (2: No such file or directory), client: 172.31.5.59, server: _, request: "GET / HTTP/1.1", host: "taejoon.elasticbeanstalk.com"
2016/01/05 10:09:08 [error] 21940#0: *425 testing "/var/app/current/public" existence failed (2: No such file or directory) while logging request, client: 172.31.5.59, server: _, request: "GET / HTTP/1.1", host: "taejoon.elasticbeanstalk.com"
2016/01/05 10:09:09 [error] 21940#0: *425 open() "/var/app/current/public/favicon.ico" failed (2: No such file or directory), client: 172.31.5.59, server: _, request: "GET /favicon.ico HTTP/1.1", host: "taejoon.elasticbeanstalk.com", referrer: "http://taejoon.elasticbeanstalk.com/"
2016/01/05 10:09:09 [error] 21940#0: *425 testing "/var/app/current/public" existence failed (2: No such file or directory) while logging request, client: 172.31.5.59, server: _, request: "GET /favicon.ico HTTP/1.1", host: "taejoon.elasticbeanstalk.com", referrer: "http://taejoon.elasticbeanstalk.com/"



-------------------------------------
/var/log/eb-activity.log
-------------------------------------
  ++ export RAILS_SKIP_MIGRATIONS=false
  ++ RAILS_SKIP_MIGRATIONS=false
  ++ export BUNDLE_WITHOUT=test:development
  ++ BUNDLE_WITHOUT=test:development
  ++ export RDS_PORT=5432
  ++ RDS_PORT=5432
  ++ export RDS_PASSWORD=xowns3567
  ++ RDS_PASSWORD=xowns3567
  ++ export RDS_USERNAME=taejoon
  ++ RDS_USERNAME=taejoon
  ++ export RDS_HOSTNAME=aazc43w630nnxl.c7slgwahl9xa.ap-northeast-1.rds.amazonaws.com
  ++ RDS_HOSTNAME=aazc43w630nnxl.c7slgwahl9xa.ap-northeast-1.rds.amazonaws.com
  ++ export RDS_DB_NAME=ebdb
  ++ RDS_DB_NAME=ebdb
  + RAKE_TASK=assets:precompile
  + . /opt/elasticbeanstalk/support/scripts/use-app-ruby.sh
  ++ . /usr/local/share/chruby/chruby.sh
  +++ CHRUBY_VERSION=0.3.8
  +++ RUBIES=()
  +++ for dir in '"$PREFIX/opt/rubies"' '"$HOME/.rubies"'
  +++ [[ -d /opt/rubies ]]
  ++++ ls -A /opt/rubies
  +++ [[ -n ruby-1.9.3-p551
  ruby-2.0.0-p647
  ruby-2.1.7
  ruby-2.2.3
  ruby-current ]]
  +++ RUBIES+=("$dir"/*)
  +++ for dir in '"$PREFIX/opt/rubies"' '"$HOME/.rubies"'
  +++ [[ -d /.rubies ]]
  +++ unset dir
  +++ cat /etc/elasticbeanstalk/.ruby_version
  ++ chruby 2.2.3
  ++ case "$1" in
  ++ local dir match
  ++ for dir in '"${RUBIES[@]}"'
  ++ dir=/opt/rubies/ruby-1.9.3-p551
  ++ [[ ruby-1.9.3-p551 == *\2\.\2\.\3* ]]
  ++ for dir in '"${RUBIES[@]}"'
  ++ dir=/opt/rubies/ruby-2.0.0-p647
  ++ [[ ruby-2.0.0-p647 == *\2\.\2\.\3* ]]
  ++ for dir in '"${RUBIES[@]}"'
  ++ dir=/opt/rubies/ruby-2.1.7
  ++ [[ ruby-2.1.7 == *\2\.\2\.\3* ]]
  ++ for dir in '"${RUBIES[@]}"'
  ++ dir=/opt/rubies/ruby-2.2.3
  ++ [[ ruby-2.2.3 == *\2\.\2\.\3* ]]
  ++ match=/opt/rubies/ruby-2.2.3
  ++ for dir in '"${RUBIES[@]}"'
  ++ dir=/opt/rubies/ruby-current
  ++ [[ ruby-current == *\2\.\2\.\3* ]]
  ++ [[ -z /opt/rubies/ruby-2.2.3 ]]
  ++ shift
  ++ chruby_use /opt/rubies/ruby-2.2.3 ''
  ++ [[ ! -x /opt/rubies/ruby-2.2.3/bin/ruby ]]
  ++ [[ -n '' ]]
  ++ export RUBY_ROOT=/opt/rubies/ruby-2.2.3
  ++ RUBY_ROOT=/opt/rubies/ruby-2.2.3
  ++ export RUBYOPT=
  ++ RUBYOPT=
  ++ export PATH=/opt/rubies/ruby-2.2.3/bin:/opt/elasticbeanstalk/lib/ruby/bin:/usr/local/sbin:/usr/local/bin:/usr/bin:/usr/sbin:/sbin:/bin
  ++ PATH=/opt/rubies/ruby-2.2.3/bin:/opt/elasticbeanstalk/lib/ruby/bin:/usr/local/sbin:/usr/local/bin:/usr/bin:/usr/sbin:/sbin:/bin
  +++ /opt/rubies/ruby-2.2.3/bin/ruby -
  ++ eval 'export RUBY_ENGINE=ruby;
  export RUBY_VERSION=2.2.3;
  export GEM_ROOT="/opt/rubies/ruby-2.2.3/lib/ruby/gems/2.2.0";'
  +++ export RUBY_ENGINE=ruby
  +++ RUBY_ENGINE=ruby
  +++ export RUBY_VERSION=2.2.3
  +++ RUBY_VERSION=2.2.3
  +++ export GEM_ROOT=/opt/rubies/ruby-2.2.3/lib/ruby/gems/2.2.0
  +++ GEM_ROOT=/opt/rubies/ruby-2.2.3/lib/ruby/gems/2.2.0
  ++ ((  0 != 0  ))
  + cd /var/app/ondeck
  + su -s /bin/bash -c 'bundle exec /opt/elasticbeanstalk/support/scripts/check-for-rake-task.rb assets:precompile' webapp
  + '[' false == true ']'
  + su -s /bin/bash -c 'bundle exec rake assets:precompile' webapp
  rake aborted!
  Devise.secret_key was not set. Please add the following to your Devise initializer:
  
    config.secret_key = 'ad5815cc0142ab4b6c7913cb17e03044feec9c0d1a6446bae4e018f7f97298007c3f9e169d374fad11c02c1b5bc90ebcfd84a430ed1d94b8a7e0b1dda1523a5f'
  
  Please ensure you restarted your application after installing Devise or setting the key.
  /var/app/ondeck/config/routes.rb:5:in `block in <top (required)>'
  /var/app/ondeck/config/routes.rb:1:in `<top (required)>'
  /var/app/ondeck/config/environment.rb:5:in `<top (required)>'
  Tasks: TOP => environment
  (See full trace by running task with --trace) (Executor::NonZeroExitStatus)


[2016-01-05T10:08:21.768Z] INFO  [22722] - [Application update/AppDeployStage0/AppDeployPreHook/11_asset_compilation.sh] : Activity failed.
[2016-01-05T10:08:21.768Z] INFO  [22722] - [Application update/AppDeployStage0/AppDeployPreHook] : Activity failed.
[2016-01-05T10:08:21.768Z] INFO  [22722] - [Application update/AppDeployStage0] : Activity failed.
[2016-01-05T10:08:21.768Z] INFO  [22722] - [Application update] : Completed activity. Result:
  Application update - Command CMD-AppDeploy failed
[2016-01-05T10:09:32.647Z] INFO  [22854] - [CMD-TailLogs - stage ] : Starting activity...
[2016-01-05T10:09:32.926Z] INFO  [22854] - [CMD-TailLogs - stage /AddonsBefore] : Starting activity...
[2016-01-05T10:09:32.926Z] INFO  [22854] - [CMD-TailLogs - stage /AddonsBefore] : Completed activity.
[2016-01-05T10:09:32.926Z] INFO  [22854] - [CMD-TailLogs - stage /TailLogs] : Starting activity...
[2016-01-05T10:09:32.926Z] INFO  [22854] - [CMD-TailLogs - stage /TailLogs/TailLogs] : Starting activity...



-------------------------------------
/var/app/support/logs/access.log
-------------------------------------
127.0.0.1 - - [05/Jan/2016:09:15:25 +0000] "HEAD / HTTP/1.1" 404 0 "-" "-"
127.0.0.1 - - [05/Jan/2016:09:38:23 +0000] "HEAD / HTTP/1.1" 404 0 "-" "-"
172.31.5.59 - - [05/Jan/2016:10:08:58 +0000] "GET / HTTP/1.1" 404 168 "-" "Mozilla/5.0 (Windows NT 5.1; rv:6.0.2) Gecko/20100101 Firefox/6.0.2"
172.31.5.59 - - [05/Jan/2016:10:09:08 +0000] "GET / HTTP/1.1" 404 141 "-" "Mozilla/5.0 (Macintosh; Intel Mac OS X 10_11_2) AppleWebKit/601.3.9 (KHTML, like Gecko) Version/9.0.2 Safari/601.3.9"
172.31.5.59 - - [05/Jan/2016:10:09:09 +0000] "GET /favicon.ico HTTP/1.1" 404 141 "http://taejoon.elasticbeanstalk.com/" "Mozilla/5.0 (Macintosh; Intel Mac OS X 10_11_2) AppleWebKit/601.3.9 (KHTML, like Gecko) Version/9.0.2 Safari/601.3.9"



-------------------------------------
/var/log/eb-commandprocessor.log
-------------------------------------
  +++ [[ -d /opt/rubies ]]
  ++++ ls -A /opt/rubies
  +++ [[ -n ruby-1.9.3-p551
  ruby-2.0.0-p647
  ruby-2.1.7
  ruby-2.2.3
  ruby-current ]]
  +++ RUBIES+=("$dir"/*)
  +++ for dir in '"$PREFIX/opt/rubies"' '"$HOME/.rubies"'
  +++ [[ -d /.rubies ]]
  +++ unset dir
  +++ cat /etc/elasticbeanstalk/.ruby_version
  ++ chruby 2.2.3
  ++ case "$1" in
  ++ local dir match
  ++ for dir in '"${RUBIES[@]}"'
  ++ dir=/opt/rubies/ruby-1.9.3-p551
  ++ [[ ruby-1.9.3-p551 == *\2\.\2\.\3* ]]
  ++ for dir in '"${RUBIES[@]}"'
  ++ dir=/opt/rubies/ruby-2.0.0-p647
  ++ [[ ruby-2.0.0-p647 == *\2\.\2\.\3* ]]
  ++ for dir in '"${RUBIES[@]}"'
  ++ dir=/opt/rubies/ruby-2.1.7
  ++ [[ ruby-2.1.7 == *\2\.\2\.\3* ]]
  ++ for dir in '"${RUBIES[@]}"'
  ++ dir=/opt/rubies/ruby-2.2.3
  ++ [[ ruby-2.2.3 == *\2\.\2\.\3* ]]
  ++ match=/opt/rubies/ruby-2.2.3
  ++ for dir in '"${RUBIES[@]}"'
  ++ dir=/opt/rubies/ruby-current
  ++ [[ ruby-current == *\2\.\2\.\3* ]]
  ++ [[ -z /opt/rubies/ruby-2.2.3 ]]
  ++ shift
  ++ chruby_use /opt/rubies/ruby-2.2.3 ''
  ++ [[ ! -x /opt/rubies/ruby-2.2.3/bin/ruby ]]
  ++ [[ -n '' ]]
  ++ export RUBY_ROOT=/opt/rubies/ruby-2.2.3
  ++ RUBY_ROOT=/opt/rubies/ruby-2.2.3
  ++ export RUBYOPT=
  ++ RUBYOPT=
  ++ export PATH=/opt/rubies/ruby-2.2.3/bin:/opt/elasticbeanstalk/lib/ruby/bin:/usr/local/sbin:/usr/local/bin:/usr/bin:/usr/sbin:/sbin:/bin
  ++ PATH=/opt/rubies/ruby-2.2.3/bin:/opt/elasticbeanstalk/lib/ruby/bin:/usr/local/sbin:/usr/local/bin:/usr/bin:/usr/sbin:/sbin:/bin
  +++ /opt/rubies/ruby-2.2.3/bin/ruby -
  ++ eval 'export RUBY_ENGINE=ruby;
  export RUBY_VERSION=2.2.3;
  export GEM_ROOT="/opt/rubies/ruby-2.2.3/lib/ruby/gems/2.2.0";'
  +++ export RUBY_ENGINE=ruby
  +++ RUBY_ENGINE=ruby
  +++ export RUBY_VERSION=2.2.3
  +++ RUBY_VERSION=2.2.3
  +++ export GEM_ROOT=/opt/rubies/ruby-2.2.3/lib/ruby/gems/2.2.0
  +++ GEM_ROOT=/opt/rubies/ruby-2.2.3/lib/ruby/gems/2.2.0
  ++ ((  0 != 0  ))
  + cd /var/app/ondeck
  + su -s /bin/bash -c 'bundle exec /opt/elasticbeanstalk/support/scripts/check-for-rake-task.rb assets:precompile' webapp
  + '[' false == true ']'
  + su -s /bin/bash -c 'bundle exec rake assets:precompile' webapp
  rake aborted!
  Devise.secret_key was not set. Please add the following to your Devise initializer:
  
    config.secret_key = 'ad5815cc0142ab4b6c7913cb17e03044feec9c0d1a6446bae4e018f7f97298007c3f9e169d374fad11c02c1b5bc90ebcfd84a430ed1d94b8a7e0b1dda1523a5f'
  
  Please ensure you restarted your application after installing Devise or setting the key.
  /var/app/ondeck/config/routes.rb:5:in `block in <top (required)>'
  /var/app/ondeck/config/routes.rb:1:in `<top (required)>'
  /var/app/ondeck/config/environment.rb:5:in `<top (required)>'
  Tasks: TOP => environment
  (See full trace by running task with --trace) (Executor::NonZeroExitStatus)


[2016-01-05T10:08:21.768Z] ERROR [22722] : Command CMD-AppDeploy failed!
[2016-01-05T10:08:21.768Z] INFO  [22722] : Command processor returning results: 
{"status":"FAILURE","api_version":"1.0","results":[{"status":"FAILURE","msg":"(TRUNCATED)...var/app/ondeck/config/routes.rb:5:in `block in <top (required)>'\n/var/app/ondeck/config/routes.rb:1:in `<top (required)>'\n/var/app/ondeck/config/environment.rb:5:in `<top (required)>'\nTasks: TOP => environment\n(See full trace by running task with --trace). \nHook /opt/elasticbeanstalk/hooks/appdeploy/pre/11_asset_compilation.sh failed. For more detail, check /var/log/eb-activity.log using console or EB CLI","returncode":1,"events":[]}],"truncated":"true"}
[2016-01-05T10:09:32.645Z] DEBUG [22854] : Reading config file: /etc/elasticbeanstalk/.aws-eb-stack.properties
[2016-01-05T10:09:32.645Z] DEBUG [22854] : Checking if the command processor should execute...
[2016-01-05T10:09:32.646Z] DEBUG [22854] : Checking whether the command is applicable to instance (i-36baf493)..
[2016-01-05T10:09:32.646Z] INFO  [22854] : Command is applicable to this instance (i-36baf493)..
[2016-01-05T10:09:32.646Z] DEBUG [22854] : Checking if the received command stage is valid..
[2016-01-05T10:09:32.646Z] INFO  [22854] : No stage_num in command. Valid stage..
[2016-01-05T10:09:32.647Z] INFO  [22854] : Received command CMD-TailLogs: {"execution_data":"{\"aws_access_key_id\":\"ASIAJT6EURE3VWRBVJ4A\",\"signature\":\"z\\\/mdmr4R81fzxmxR2VuIIgjK\\\/mM=\",\"security_token\":\"AQoDYXdzEFsasAIvfdUpZ6UUJwu2l8MT\\\/dN8OeJI2vRSZGiQ0rFrnBm7v5vN6GUEtXrgAx6qoDQQo7rStrNTdfCST3JzJi5\\\/m5Fx7s3zv2E6TNc+m5bNKyfdeItfomCkjB9VnIbO4V6jcEf5jctS7Oq4cxDCbK\\\/E7ykSBPXei6oufTZc1fQ2tTF7xBeBv6p1ORLyHsp5lb2nZmkrQ4tSFbvh32BqkfzTATBX7s+fxDRzN7lXD8El8FuIGC5gNi6KFeWGYFeqNfd+aE3zxIHfhMpo2Z2WLteOWgCWmDwVxpKSQi6ZAwU+hqOnqaRz70NTK0Kw8EZ8S5BCJS4kB82RaH8OCduNRYkE\\\/kI0Egq7DKfRhG\\\/O0dX1NfuRCgPyqxzbBVfwBNBXsTheEvNoNSEGey3j8PgaSZAGLsjFINisrrQF\",\"policy\":\"eyJleHBpcmF0aW9uIjoiMjAxNi0wMS0wNVQxMDozOTozMC4yMTJaIiwiY29uZGl0aW9ucyI6W1sic3RhcnRzLXdpdGgiLCIkeC1hbXotbWV0YS10aW1lX3N0YW1wIiwiIl0sWyJzdGFydHMtd2l0aCIsIiR4LWFtei1tZXRhLXB1Ymxpc2hfbWVjaGFuaXNtIiwiIl0sWyJzdGFydHMtd2l0aCIsIiRrZXkiLCJyZXNvdXJjZXNcL2Vudmlyb25tZW50c1wvbG9nc1wvIl0sWyJzdGFydHMtd2l0aCIsIiR4LWFtei1tZXRhLWJhdGNoX2lkIiwiIl0sWyJzdGFydHMtd2l0aCIsIiR4LWFtei1tZXRhLWZpbGVfbmFtZSIsIiJdLFsic3RhcnRzLXdpdGgiLCIkeC1hbXotc2VjdXJpdHktdG9rZW4iLCIiXSxbInN0YXJ0cy13aXRoIiwiJENvbnRlbnQtVHlwZSIsIiJdLFsiZXEiLCIkYnVja2V0IiwiZWxhc3RpY2JlYW5zdGFsay1hcC1ub3J0aGVhc3QtMS01NzE2NDA1OTY1ODUiXSxbImVxIiwiJGFjbCIsInByaXZhdGUiXV19\"}","instance_ids":["i-36baf493"],"data":"681cfc94-b394-11e5-a2b3-7fc7b8678a83","command_name":"CMD-TailLogs","api_version":"1.0","resource_name":"AWSEBAutoScalingGroup","request_id":"681cfc94-b394-11e5-a2b3-7fc7b8678a83","command_timeout":"600"}
[2016-01-05T10:09:32.647Z] INFO  [22854] : Command processor should execute command.
[2016-01-05T10:09:32.647Z] DEBUG [22854] : Storing current stage..
[2016-01-05T10:09:32.647Z] DEBUG [22854] : Stage_num does not exist. Not saving null stage. Returning..
[2016-01-05T10:09:32.647Z] INFO  [22854] : Executing CMD-TailLogs - stage 
[2016-01-05T10:09:32.647Z] INFO  [22854] : Executing command: CMD-TailLogs...
[2016-01-05T10:09:32.647Z] DEBUG [22854] : Reading config file: /etc/elasticbeanstalk/.aws-eb-stack.properties
[2016-01-05T10:09:32.647Z] DEBUG [22854] : Refreshing metadata..
[2016-01-05T10:09:32.923Z] DEBUG [22854] : Refreshed environment metadata.
[2016-01-05T10:09:32.923Z] DEBUG [22854] : Retrieving metadata for key: AWS::ElasticBeanstalk::Ext||_ContainerConfigFileContent||commands..
[2016-01-05T10:09:32.924Z] DEBUG [22854] : Retrieving metadata for key: AWS::ElasticBeanstalk::Ext||_API||_Commands..
[2016-01-05T10:09:32.924Z] INFO  [22854] : Found enabled addons: ["logpublish"].
[2016-01-05T10:09:32.926Z] INFO  [22854] : Updating Command definition of addon logpublish.
[2016-01-05T10:09:32.926Z] DEBUG [22854] : Loaded definition of Command CMD-TailLogs.
[2016-01-05T10:09:32.926Z] INFO  [22854] : Executing command CMD-TailLogs activities...
[2016-01-05T10:09:32.926Z] DEBUG [22854] : Setting environment variables..
[2016-01-05T10:09:32.926Z] INFO  [22854] : Running AddonsBefore for command CMD-TailLogs...
[2016-01-05T10:09:32.926Z] DEBUG [22854] : Running stages of Command CMD-TailLogs from stage 0 to stage 0...
[2016-01-05T10:09:32.926Z] INFO  [22854] : Running stage 0 of command CMD-TailLogs...
[2016-01-05T10:09:32.926Z] DEBUG [22854] : Loaded 1 actions for stage 0.
[2016-01-05T10:09:32.926Z] INFO  [22854] : Running 1 of 1 actions: TailLogs...



